<?xml version="1.0" encoding="UTF-8"?>
<testsuite xmlns:xsi="http://www.w3.org/2001/XMLSchema-instance" xsi:noNamespaceSchemaLocation="https://maven.apache.org/surefire/maven-surefire-plugin/xsd/surefire-test-report-3.0.xsd" version="3.0" name="com.sweng.notes.HelloControllerTest" time="5.932" tests="1" errors="0" skipped="0" failures="0">
  <properties>
[...]
</properties>
  <testcase name="helloEndpointShouldReturnOkMessage" classname="com.sweng.notes.HelloControllerTest" time="1.892">
    <system-out><![CDATA[17:52:05.437 [main] INFO org.springframework.test.context.support.AnnotationConfigContextLoaderUtils -- Could not detect default configuration classes for test class [com.sweng.notes.HelloControllerTest]: HelloControllerTest does not declare any static, non-private, non-final, nested classes annotated with @Configuration.
17:52:05.622 [main] INFO org.springframework.boot.test.context.SpringBootTestContextBootstrapper -- Found @SpringBootConfiguration com.sweng.notes.NoteBackendApplication for test class com.sweng.notes.HelloControllerTest

  .   ____          _            __ _ _
 /\\ / ___'_ __ _ _(_)_ __  __ _ \ \ \ \
( ( )\___ | '_ | '_| | '_ \/ _` | \ \ \ \
 \\/  ___)| |_)| | | | | || (_| |  ) ) ) )
  '  |____| .__|_| |_|_| |_\__, | / / / /
 =========|_|==============|___/=/_/_/_/

 :: Spring Boot ::                (v3.3.2)

2025-11-08T17:52:06.317+01:00  INFO 15004 --- [           main] com.sweng.notes.HelloControllerTest      : Starting HelloControllerTest using Java 17.0.12 with PID 15004 (started by antoh in C:\Users\antoh\Downloads\IngSoft-NotaBene\backend)
2025-11-08T17:52:06.320+01:00  INFO 15004 --- [           main] com.sweng.notes.HelloControllerTest      : No active profile set, falling back to 1 default profile: "default"
2025-11-08T17:52:08.101+01:00  INFO 15004 --- [           main] o.s.b.w.embedded.tomcat.TomcatWebServer  : Tomcat initialized with port 0 (http)
2025-11-08T17:52:08.136+01:00  INFO 15004 --- [           main] o.apache.catalina.core.StandardService   : Starting service [Tomcat]
2025-11-08T17:52:08.137+01:00  INFO 15004 --- [           main] o.apache.catalina.core.StandardEngine    : Starting Servlet engine: [Apache Tomcat/10.1.26]
2025-11-08T17:52:08.261+01:00  INFO 15004 --- [           main] o.a.c.c.C.[Tomcat].[localhost].[/]       : Initializing Spring embedded WebApplicationContext
2025-11-08T17:52:08.263+01:00  INFO 15004 --- [           main] w.s.c.ServletWebServerApplicationContext : Root WebApplicationContext: initialization completed in 1901 ms
2025-11-08T17:52:09.095+01:00  INFO 15004 --- [           main] o.s.b.w.embedded.tomcat.TomcatWebServer  : Tomcat started on port 9812 (http) with context path '/'
2025-11-08T17:52:09.110+01:00  INFO 15004 --- [           main] com.sweng.notes.HelloControllerTest      : Started HelloControllerTest in 3.2 seconds (process running for 5.334)
2025-11-08T17:52:10.707+01:00  INFO 15004 --- [o-auto-1-exec-1] o.a.c.c.C.[Tomcat].[localhost].[/]       : Initializing Spring DispatcherServlet 'dispatcherServlet'
2025-11-08T17:52:10.707+01:00  INFO 15004 --- [o-auto-1-exec-1] o.s.web.servlet.DispatcherServlet        : Initializing Servlet 'dispatcherServlet'
2025-11-08T17:52:10.710+01:00  INFO 15004 --- [o-auto-1-exec-1] o.s.web.servlet.DispatcherServlet        : Completed initialization in 1 ms
]]></system-out>
  </testcase>
</testsuite>